<?xml version="1.0" encoding="UTF-8"?>
<!-- Generated by org.testng.reporters.JUnitXMLReporter -->
<testsuite hostname="IN18" ignored="0" tests="2" failures="0" timestamp="2022-08-24T23:59:01 IST" time="0.046" errors="0">
  <testcase name="@BeforeClass readExcel" time="0.008" classname="BaseClass">
    <failure type="java.io.FileNotFoundException" message="null\Excel\Book2.xlsx (The system cannot find the path specified)">
      <![CDATA[java.io.FileNotFoundException: null\Excel\Book2.xlsx (The system cannot find the path specified)
at java.io.FileInputStream.open0(Native Method)
at java.io.FileInputStream.open(FileInputStream.java:195)
at java.io.FileInputStream.<init>(FileInputStream.java:138)
at BaseClass.readExcel(BaseClass.java:22)
at java.util.ArrayList.forEach(ArrayList.java:1259)
... Removed 29 stack frames]]>
    </failure>
  </testcase> <!-- @BeforeClass readExcel -->
  <testcase name="test1" time="0.0" classname="LearnTestNG">
    <skipped/>
  </testcase> <!-- test1 -->
  <testcase name="test2" time="0.0" classname="LearnTestNG">
    <skipped/>
  </testcase> <!-- test2 -->
</testsuite>
