-------------------------------------------------------------------------------
Test set: TestSuite
-------------------------------------------------------------------------------
Tests run: 3, Failures: 1, Errors: 0, Skipped: 2, Time elapsed: 1.281 s <<< FAILURE! - in TestSuite
LearnTestNG.readExcel  Time elapsed: 1.074 s  <<< FAILURE!
java.io.FileNotFoundException: null\Excel\Book2.xlsx (The system cannot find the path specified)

